#
# There is insufficient memory for the Java Runtime Environment to continue.
# Native memory allocation (malloc) failed to allocate 1075056 bytes for Chunk::new
# Possible reasons:
#   The system is out of physical RAM or swap space
#   The process is running with CompressedOops enabled, and the Java Heap may be blocking the growth of the native heap
# Possible solutions:
#   Reduce memory load on the system
#   Increase physical memory or swap space
#   Check if swap backing store is full
#   Decrease Java heap size (-Xmx/-Xms)
#   Decrease number of Java threads
#   Decrease Java thread stack sizes (-Xss)
#   Set larger code cache with -XX:ReservedCodeCacheSize=
#   JVM is running with Unscaled Compressed Oops mode in which the Java heap is
#     placed in the first 4GB address space. The Java Heap base address is the
#     maximum limit for the native heap growth. Please use -XX:HeapBaseMinAddress
#     to set the Java Heap base and to place the Java Heap above 4GB virtual address.
# This output file may be truncated or incomplete.
#
#  Out of Memory Error (arena.cpp:195), pid=15424, tid=18140
#
# JRE version: OpenJDK Runtime Environment (16.0.2+7) (build 16.0.2+7-67)
# Java VM: OpenJDK 64-Bit Server VM (16.0.2+7-67, mixed mode, tiered, compressed oops, compressed class ptrs, g1 gc, windows-amd64)
# No core dump will be written. Minidumps are not enabled by default on client versions of Windows
#

---------------  S U M M A R Y ------------

Command Line: -Dfile.encoding=UTF-8 -XX:+ShowCodeDetailsInExceptionMessages com.desafioAlura.ControleFinanceiro.DemoApplication

Host: Intel(R) Celeron(R) N4000 CPU @ 1.10GHz, 2 cores, 3G,  Windows 10 , 64 bit Build 22000 (10.0.22000.613)
Time: Sun Apr 17 00:50:48 2022 Hora Padrão de Buenos Aires elapsed time: 1020.085006 seconds (0d 0h 17m 0s)

---------------  T H R E A D  ---------------

Current thread (0x0000023f6f67abe0):  JavaThread "C2 CompilerThread0" daemon [_thread_in_native, id=18140, stack(0x00000099b0100000,0x00000099b0200000)]


Current CompileTask:
C2:1020086 11443   !   4       sun.nio.ch.SelectorImpl::lockAndDoSelect (87 bytes)

Stack: [0x00000099b0100000,0x00000099b0200000]
Native frames: (J=compiled Java code, j=interpreted, Vv=VM code, C=native code)
V  [jvm.dll+0x6681ca]
V  [jvm.dll+0x7c9e69]
V  [jvm.dll+0x7cb61e]
V  [jvm.dll+0x7cbc73]
V  [jvm.dll+0x242c55]
V  [jvm.dll+0xadeba]
V  [jvm.dll+0xae45c]
V  [jvm.dll+0x35a882]
V  [jvm.dll+0x1b9cc1]
V  [jvm.dll+0x215e16]
V  [jvm.dll+0x215100]
V  [jvm.dll+0x1a1beb]
V  [jvm.dll+0x225158]
V  [jvm.dll+0x22319c]
V  [jvm.dll+0x77fa62]
V  [jvm.dll+0x7795aa]
V  [jvm.dll+0x667066]
C  [ucrtbase.dll+0x26c0c]
C  [KERNEL32.DLL+0x154e0]
C  [ntdll.dll+0x485b]


---------------  P R O C E S S  ---------------

Threads class SMR info:
_java_thread_list=0x0000023f757149a0, length=31, elements={
0x0000023f6f61cfc0, 0x0000023f6f620080, 0x0000023f6f660360, 0x0000023f6f679170,
0x0000023f6f679690, 0x0000023f6f679fa0, 0x0000023f6f67abe0, 0x0000023f6f680150,
0x0000023f6f681e60, 0x0000023f70120770, 0x0000023f7013fce0, 0x0000023f727c6a70,
0x0000023f727c4a90, 0x0000023f75f0d8c0, 0x0000023f75f0a8f0, 0x0000023f75f0ae40,
0x0000023f75f0ee00, 0x0000023f75f0f8a0, 0x0000023f75f0b390, 0x0000023f75f0b8e0,
0x0000023f75f0e8b0, 0x0000023f75f093b0, 0x0000023f75f0be30, 0x0000023f75f0c380,
0x0000023f75f0c8d0, 0x0000023f75f09900, 0x0000023f75f0ce20, 0x0000023f75f0d370,
0x0000023f75f0f350, 0x0000023f75f07e70, 0x0000023f75f08910
}

Java Threads: ( => current thread )
  0x0000023f6f61cfc0 JavaThread "Reference Handler" daemon [_thread_blocked, id=16764, stack(0x00000099afb00000,0x00000099afc00000)]
  0x0000023f6f620080 JavaThread "Finalizer" daemon [_thread_blocked, id=18680, stack(0x00000099afc00000,0x00000099afd00000)]
  0x0000023f6f660360 JavaThread "Signal Dispatcher" daemon [_thread_blocked, id=12624, stack(0x00000099afd00000,0x00000099afe00000)]
  0x0000023f6f679170 JavaThread "Attach Listener" daemon [_thread_blocked, id=16584, stack(0x00000099afe00000,0x00000099aff00000)]
  0x0000023f6f679690 JavaThread "Service Thread" daemon [_thread_blocked, id=1388, stack(0x00000099aff00000,0x00000099b0000000)]
  0x0000023f6f679fa0 JavaThread "Monitor Deflation Thread" daemon [_thread_blocked, id=12276, stack(0x00000099b0000000,0x00000099b0100000)]
=>0x0000023f6f67abe0 JavaThread "C2 CompilerThread0" daemon [_thread_in_native, id=18140, stack(0x00000099b0100000,0x00000099b0200000)]
  0x0000023f6f680150 JavaThread "C1 CompilerThread0" daemon [_thread_blocked, id=11968, stack(0x00000099b0200000,0x00000099b0300000)]
  0x0000023f6f681e60 JavaThread "Sweeper thread" daemon [_thread_blocked, id=8524, stack(0x00000099b0300000,0x00000099b0400000)]
  0x0000023f70120770 JavaThread "Notification Thread" daemon [_thread_blocked, id=20448, stack(0x00000099b0400000,0x00000099b0500000)]
  0x0000023f7013fce0 JavaThread "Common-Cleaner" daemon [_thread_blocked, id=19200, stack(0x00000099b0600000,0x00000099b0700000)]
  0x0000023f727c6a70 JavaThread "mysql-cj-abandoned-connection-cleanup" daemon [_thread_blocked, id=14668, stack(0x00000099b0d00000,0x00000099b0e00000)]
  0x0000023f727c4a90 JavaThread "Live Reload Server" daemon [_thread_in_native, id=12760, stack(0x00000099b1200000,0x00000099b1300000)]
  0x0000023f75f0d8c0 JavaThread "DestroyJavaVM" [_thread_blocked, id=19948, stack(0x00000099af400000,0x00000099af500000)]
  0x0000023f75f0a8f0 JavaThread "Catalina-utility-1" [_thread_blocked, id=17336, stack(0x00000099b0a00000,0x00000099b0b00000)]
  0x0000023f75f0ae40 JavaThread "Catalina-utility-2" [_thread_blocked, id=16372, stack(0x00000099b0b00000,0x00000099b0c00000)]
  0x0000023f75f0ee00 JavaThread "container-0" [_thread_blocked, id=15636, stack(0x00000099b0c00000,0x00000099b0d00000)]
  0x0000023f75f0f8a0 JavaThread "HikariPool-3 housekeeper" daemon [_thread_blocked, id=16428, stack(0x00000099b0e00000,0x00000099b0f00000)]
  0x0000023f75f0b390 JavaThread "File Watcher" daemon [_thread_blocked, id=4840, stack(0x00000099b1000000,0x00000099b1100000)]
  0x0000023f75f0b8e0 JavaThread "http-nio-8080-exec-1" daemon [_thread_blocked, id=3972, stack(0x00000099b1100000,0x00000099b1200000)]
  0x0000023f75f0e8b0 JavaThread "http-nio-8080-exec-2" daemon [_thread_blocked, id=19260, stack(0x00000099b1300000,0x00000099b1400000)]
  0x0000023f75f093b0 JavaThread "http-nio-8080-exec-3" daemon [_thread_blocked, id=19192, stack(0x00000099b1400000,0x00000099b1500000)]
  0x0000023f75f0be30 JavaThread "http-nio-8080-exec-4" daemon [_thread_blocked, id=9768, stack(0x00000099b1500000,0x00000099b1600000)]
  0x0000023f75f0c380 JavaThread "http-nio-8080-exec-5" daemon [_thread_blocked, id=11076, stack(0x00000099b1600000,0x00000099b1700000)]
  0x0000023f75f0c8d0 JavaThread "http-nio-8080-exec-6" daemon [_thread_blocked, id=19276, stack(0x00000099b1700000,0x00000099b1800000)]
  0x0000023f75f09900 JavaThread "http-nio-8080-exec-7" daemon [_thread_blocked, id=9184, stack(0x00000099b1800000,0x00000099b1900000)]
  0x0000023f75f0ce20 JavaThread "http-nio-8080-exec-8" daemon [_thread_blocked, id=12404, stack(0x00000099b1900000,0x00000099b1a00000)]
  0x0000023f75f0d370 JavaThread "http-nio-8080-exec-9" daemon [_thread_in_native, id=16644, stack(0x00000099b1a00000,0x00000099b1b00000)]
  0x0000023f75f0f350 JavaThread "http-nio-8080-exec-10" daemon [_thread_blocked, id=9896, stack(0x00000099b1b00000,0x00000099b1c00000)]
  0x0000023f75f07e70 JavaThread "http-nio-8080-Poller" daemon [_thread_in_native, id=6512, stack(0x00000099b1c00000,0x00000099b1d00000)]
  0x0000023f75f08910 JavaThread "http-nio-8080-Acceptor" daemon [_thread_in_native, id=19924, stack(0x00000099b1d00000,0x00000099b1e00000)]

Other Threads:
  0x0000023f6f63e950 VMThread "VM Thread" [stack: 0x00000099afa00000,0x00000099afb00000] [id=816]
  0x0000023f701250a0 WatcherThread [stack: 0x00000099b0500000,0x00000099b0600000] [id=3004]
  0x0000023f58bfe490 GCTaskThread "GC Thread#0" [stack: 0x00000099af500000,0x00000099af600000] [id=14688]
  0x0000023f7044a120 GCTaskThread "GC Thread#1" [stack: 0x00000099b0700000,0x00000099b0800000] [id=8]
  0x0000023f58c06ef0 ConcurrentGCThread "G1 Main Marker" [stack: 0x00000099af600000,0x00000099af700000] [id=13696]
  0x0000023f58c07880 ConcurrentGCThread "G1 Conc#0" [stack: 0x00000099af700000,0x00000099af800000] [id=13764]
  0x0000023f58c3c440 ConcurrentGCThread "G1 Refine#0" [stack: 0x00000099af800000,0x00000099af900000] [id=14696]
  0x0000023f58c40c20 ConcurrentGCThread "G1 Service" [stack: 0x00000099af900000,0x00000099afa00000] [id=14204]

Threads with active compile tasks:
C2 CompilerThread0  1020398 11443   !   4       sun.nio.ch.SelectorImpl::lockAndDoSelect (87 bytes)

VM state: not at safepoint (normal execution)

VM Mutex/Monitor currently owned by a thread: None

Heap address: 0x00000000c2c00000, size: 980 MB, Compressed Oops mode: 32-bit

CDS disabled.
Compressed class space mapped at: 0x0000000100000000-0x0000000140000000, reserved size: 1073741824
Narrow klass base: 0x0000000000000000, Narrow klass shift: 3, Narrow klass range: 0x140000000

GC Precious Log:
 CPUs: 2 total, 2 available
 Memory: 3918M
 Large Page Support: Disabled
 NUMA Support: Disabled
 Compressed Oops: Enabled (32-bit)
 Heap Region Size: 1M
 Heap Min Capacity: 8M
 Heap Initial Capacity: 62M
 Heap Max Capacity: 980M
 Pre-touch: Disabled
 Parallel Workers: 2
 Concurrent Workers: 1
 Concurrent Refinement Workers: 2
 Periodic GC: Disabled

Heap:
 garbage-first heap   total 65536K, used 47805K [0x00000000c2c00000, 0x0000000100000000)
  region size 1024K, 20 young (20480K), 1 survivors (1024K)
 Metaspace       used 77921K, committed 78528K, reserved 1122304K
  class space    used 9430K, committed 9728K, reserved 1048576K

Heap Regions: E=young(eden), S=young(survivor), O=old, HS=humongous(starts), HC=humongous(continues), CS=collection set, F=free, OA=open archive, CA=closed archive, TAMS=top-at-mark-start (previous, next)
|   0|0x00000000c2c00000, 0x00000000c2d00000, 0x00000000c2d00000|100%|HS|  |TAMS 0x00000000c2d00000, 0x00000000c2c00000| Complete 
|   1|0x00000000c2d00000, 0x00000000c2dffff8, 0x00000000c2e00000| 99%| O|  |TAMS 0x00000000c2dffff8, 0x00000000c2d00000| Untracked 
|   2|0x00000000c2e00000, 0x00000000c2efffc8, 0x00000000c2f00000| 99%| O|  |TAMS 0x00000000c2efffc8, 0x00000000c2e00000| Untracked 
|   3|0x00000000c2f00000, 0x00000000c3000000, 0x00000000c3000000|100%| O|  |TAMS 0x00000000c3000000, 0x00000000c2f00000| Untracked 
|   4|0x00000000c3000000, 0x00000000c30ffff8, 0x00000000c3100000| 99%| O|  |TAMS 0x00000000c30ffff8, 0x00000000c3000000| Untracked 
|   5|0x00000000c3100000, 0x00000000c3100000, 0x00000000c3200000|  0%| F|  |TAMS 0x00000000c3100000, 0x00000000c3100000| Untracked 
|   6|0x00000000c3200000, 0x00000000c3300000, 0x00000000c3300000|100%| O|  |TAMS 0x00000000c3300000, 0x00000000c3200000| Untracked 
|   7|0x00000000c3300000, 0x00000000c33ffff8, 0x00000000c3400000| 99%| O|  |TAMS 0x00000000c33ffff8, 0x00000000c3300000| Untracked 
|   8|0x00000000c3400000, 0x00000000c34fffe8, 0x00000000c3500000| 99%| O|  |TAMS 0x00000000c34fffe8, 0x00000000c3400000| Untracked 
|   9|0x00000000c3500000, 0x00000000c35ffff8, 0x00000000c3600000| 99%| O|  |TAMS 0x00000000c35ffff8, 0x00000000c3500000| Untracked 
|  10|0x00000000c3600000, 0x00000000c36fffd0, 0x00000000c3700000| 99%| O|  |TAMS 0x00000000c36fffd0, 0x00000000c3600000| Untracked 
|  11|0x00000000c3700000, 0x00000000c3800000, 0x00000000c3800000|100%| O|  |TAMS 0x00000000c3800000, 0x00000000c3700000| Untracked 
|  12|0x00000000c3800000, 0x00000000c38ffe68, 0x00000000c3900000| 99%| O|  |TAMS 0x00000000c38ffe68, 0x00000000c3800000| Untracked 
|  13|0x00000000c3900000, 0x00000000c39fff78, 0x00000000c3a00000| 99%| O|  |TAMS 0x00000000c39fff78, 0x00000000c3900000| Untracked 
|  14|0x00000000c3a00000, 0x00000000c3afff98, 0x00000000c3b00000| 99%| O|  |TAMS 0x00000000c3afff98, 0x00000000c3a00000| Untracked 
|  15|0x00000000c3b00000, 0x00000000c3bffff8, 0x00000000c3c00000| 99%| O|  |TAMS 0x00000000c3bffff8, 0x00000000c3b00000| Untracked 
|  16|0x00000000c3c00000, 0x00000000c3cfff88, 0x00000000c3d00000| 99%| O|  |TAMS 0x00000000c3cfff88, 0x00000000c3c00000| Untracked 
|  17|0x00000000c3d00000, 0x00000000c3dffff0, 0x00000000c3e00000| 99%| O|  |TAMS 0x00000000c3dffff0, 0x00000000c3d00000| Untracked 
|  18|0x00000000c3e00000, 0x00000000c3efffd0, 0x00000000c3f00000| 99%| O|  |TAMS 0x00000000c3efffd0, 0x00000000c3e00000| Untracked 
|  19|0x00000000c3f00000, 0x00000000c3fffff8, 0x00000000c4000000| 99%| O|  |TAMS 0x00000000c3fffff8, 0x00000000c3f00000| Untracked 
|  20|0x00000000c4000000, 0x00000000c4000000, 0x00000000c4100000|  0%| F|  |TAMS 0x00000000c4000000, 0x00000000c4000000| Untracked 
|  21|0x00000000c4100000, 0x00000000c4100000, 0x00000000c4200000|  0%| F|  |TAMS 0x00000000c4100000, 0x00000000c4100000| Untracked 
|  22|0x00000000c4200000, 0x00000000c4300000, 0x00000000c4300000|100%| O|  |TAMS 0x00000000c4300000, 0x00000000c4200000| Untracked 
|  23|0x00000000c4300000, 0x00000000c43ffff0, 0x00000000c4400000| 99%| O|  |TAMS 0x00000000c43ffff0, 0x00000000c4300000| Untracked 
|  24|0x00000000c4400000, 0x00000000c4400000, 0x00000000c4500000|  0%| F|  |TAMS 0x00000000c4400000, 0x00000000c4400000| Untracked 
|  25|0x00000000c4500000, 0x00000000c4500000, 0x00000000c4600000|  0%| F|  |TAMS 0x00000000c4500000, 0x00000000c4500000| Untracked 
|  26|0x00000000c4600000, 0x00000000c4600000, 0x00000000c4700000|  0%| F|  |TAMS 0x00000000c4600000, 0x00000000c4600000| Untracked 
|  27|0x00000000c4700000, 0x00000000c4700000, 0x00000000c4800000|  0%| F|  |TAMS 0x00000000c4700000, 0x00000000c4700000| Untracked 
|  28|0x00000000c4800000, 0x00000000c4900000, 0x00000000c4900000|100%| O|  |TAMS 0x00000000c4900000, 0x00000000c4800000| Untracked 
|  29|0x00000000c4900000, 0x00000000c4a00000, 0x00000000c4a00000|100%| O|  |TAMS 0x00000000c4a00000, 0x00000000c4900000| Untracked 
|  30|0x00000000c4a00000, 0x00000000c4b00000, 0x00000000c4b00000|100%| O|  |TAMS 0x00000000c4b00000, 0x00000000c4a00000| Untracked 
|  31|0x00000000c4b00000, 0x00000000c4c00000, 0x00000000c4c00000|100%| O|  |TAMS 0x00000000c4c00000, 0x00000000c4b00000| Untracked 
|  32|0x00000000c4c00000, 0x00000000c4d00000, 0x00000000c4d00000|100%| O|  |TAMS 0x00000000c4d00000, 0x00000000c4c00000| Untracked 
|  33|0x00000000c4d00000, 0x00000000c4e00000, 0x00000000c4e00000|100%| O|  |TAMS 0x00000000c4e00000, 0x00000000c4d00000| Untracked 
|  34|0x00000000c4e00000, 0x00000000c4f00000, 0x00000000c4f00000|100%| O|  |TAMS 0x00000000c4f00000, 0x00000000c4e00000| Untracked 
|  35|0x00000000c4f00000, 0x00000000c4f2de00, 0x00000000c5000000| 17%| O|  |TAMS 0x00000000c4f28200, 0x00000000c4f00000| Untracked 
|  36|0x00000000c5000000, 0x00000000c5081de8, 0x00000000c5100000| 50%| S|CS|TAMS 0x00000000c5000000, 0x00000000c5000000| Complete 
|  37|0x00000000c5100000, 0x00000000c5100000, 0x00000000c5200000|  0%| F|  |TAMS 0x00000000c5100000, 0x00000000c5100000| Untracked 
|  38|0x00000000c5200000, 0x00000000c5200000, 0x00000000c5300000|  0%| F|  |TAMS 0x00000000c5200000, 0x00000000c5200000| Untracked 
|  39|0x00000000c5300000, 0x00000000c5300000, 0x00000000c5400000|  0%| F|  |TAMS 0x00000000c5300000, 0x00000000c5300000| Untracked 
|  40|0x00000000c5400000, 0x00000000c5400000, 0x00000000c5500000|  0%| F|  |TAMS 0x00000000c5400000, 0x00000000c5400000| Untracked 
|  41|0x00000000c5500000, 0x00000000c5500000, 0x00000000c5600000|  0%| F|  |TAMS 0x00000000c5500000, 0x00000000c5500000| Untracked 
|  42|0x00000000c5600000, 0x00000000c5600000, 0x00000000c5700000|  0%| F|  |TAMS 0x00000000c5600000, 0x00000000c5600000| Untracked 
|  43|0x00000000c5700000, 0x00000000c5700000, 0x00000000c5800000|  0%| F|  |TAMS 0x00000000c5700000, 0x00000000c5700000| Untracked 
|  44|0x00000000c5800000, 0x00000000c5800000, 0x00000000c5900000|  0%| F|  |TAMS 0x00000000c5800000, 0x00000000c5800000| Untracked 
|  45|0x00000000c5900000, 0x00000000c59f6628, 0x00000000c5a00000| 96%| E|  |TAMS 0x00000000c5900000, 0x00000000c5900000| Complete 
|  46|0x00000000c5a00000, 0x00000000c5b00000, 0x00000000c5b00000|100%| E|CS|TAMS 0x00000000c5a00000, 0x00000000c5a00000| Complete 
|  47|0x00000000c5b00000, 0x00000000c5c00000, 0x00000000c5c00000|100%| E|CS|TAMS 0x00000000c5b00000, 0x00000000c5b00000| Complete 
|  48|0x00000000c5c00000, 0x00000000c5d00000, 0x00000000c5d00000|100%| E|CS|TAMS 0x00000000c5c00000, 0x00000000c5c00000| Complete 
|  49|0x00000000c5d00000, 0x00000000c5e00000, 0x00000000c5e00000|100%| E|CS|TAMS 0x00000000c5d00000, 0x00000000c5d00000| Complete 
|  50|0x00000000c5e00000, 0x00000000c5f00000, 0x00000000c5f00000|100%| E|CS|TAMS 0x00000000c5e00000, 0x00000000c5e00000| Complete 
|  51|0x00000000c5f00000, 0x00000000c6000000, 0x00000000c6000000|100%| E|CS|TAMS 0x00000000c5f00000, 0x00000000c5f00000| Complete 
|  52|0x00000000c6000000, 0x00000000c6100000, 0x00000000c6100000|100%| E|CS|TAMS 0x00000000c6000000, 0x00000000c6000000| Complete 
|  53|0x00000000c6100000, 0x00000000c6200000, 0x00000000c6200000|100%| E|CS|TAMS 0x00000000c6100000, 0x00000000c6100000| Complete 
|  54|0x00000000c6200000, 0x00000000c6300000, 0x00000000c6300000|100%| E|CS|TAMS 0x00000000c6200000, 0x00000000c6200000| Complete 
|  55|0x00000000c6300000, 0x00000000c6400000, 0x00000000c6400000|100%| E|CS|TAMS 0x00000000c6300000, 0x00000000c6300000| Complete 
|  56|0x00000000c6400000, 0x00000000c6500000, 0x00000000c6500000|100%| E|CS|TAMS 0x00000000c6400000, 0x00000000c6400000| Complete 
|  57|0x00000000c6500000, 0x00000000c6600000, 0x00000000c6600000|100%| E|CS|TAMS 0x00000000c6500000, 0x00000000c6500000| Complete 
|  58|0x00000000c6600000, 0x00000000c6700000, 0x00000000c6700000|100%| E|CS|TAMS 0x00000000c6600000, 0x00000000c6600000| Complete 
|  59|0x00000000c6700000, 0x00000000c6800000, 0x00000000c6800000|100%| E|CS|TAMS 0x00000000c6700000, 0x00000000c6700000| Complete 
|  60|0x00000000c6800000, 0x00000000c6900000, 0x00000000c6900000|100%| E|CS|TAMS 0x00000000c6800000, 0x00000000c6800000| Complete 
|  61|0x00000000c6900000, 0x00000000c6a00000, 0x00000000c6a00000|100%| E|CS|TAMS 0x00000000c6900000, 0x00000000c6900000| Complete 
|  62|0x00000000c6a00000, 0x00000000c6b00000, 0x00000000c6b00000|100%| E|CS|TAMS 0x00000000c6a00000, 0x00000000c6a00000| Complete 
|  63|0x00000000c6b00000, 0x00000000c6c00000, 0x00000000c6c00000|100%| E|CS|TAMS 0x00000000c6b00000, 0x00000000c6b00000| Complete 

Card table byte_map: [0x0000023f6b140000,0x0000023f6b330000] _byte_map_base: 0x0000023f6ab2a000

Marking Bits (Prev, Next): (CMBitMap*) 0x0000023f58bfea60, (CMBitMap*) 0x0000023f58bfea20
 Prev Bits: [0x0000023f6c470000, 0x0000023f6d3c0000)
 Next Bits: [0x0000023f6b520000, 0x0000023f6c470000)

Polling page: 0x0000023f583a0000

Metaspace:

Usage:
  Non-class:     66.89 MB used.
      Class:      9.21 MB used.
       Both:     76.10 MB used.

Virtual space:
  Non-class space:       72.00 MB reserved,      67.19 MB ( 93%) committed,  9 nodes.
      Class space:        1.00 GB reserved,       9.50 MB ( <1%) committed,  1 nodes.
              Both:        1.07 GB reserved,      76.69 MB (  7%) committed. 

Chunk freelists:
   Non-Class:  589.00 KB
       Class:  2.52 MB
        Both:  3.09 MB

MaxMetaspaceSize: 17179869184.00 GB
CompressedClassSpaceSize: 1.00 GB
 - commit_granule_bytes: 65536.
 - commit_granule_words: 8192.
 - virtual_space_node_default_size: 1048576.
 - enlarge_chunks_in_place: 1.
 - new_chunks_are_fully_committed: 0.
 - uncommit_free_chunks: 1.
 - use_allocation_guard: 0.
 - handle_deallocations: 1.


Internal statistics:

num_allocs_failed_limit: 9.
num_arena_births: 696.
num_arena_deaths: 78.
num_vsnodes_births: 10.
num_vsnodes_deaths: 0.
num_space_committed: 1227.
num_space_uncommitted: 0.
num_chunks_returned_to_freelist: 91.
num_chunks_taken_from_freelist: 3363.
num_chunk_merges: 31.
num_chunk_splits: 2283.
num_chunks_enlarged: 1703.
num_purges: 12.

CodeHeap 'non-profiled nmethods': size=120064Kb used=8177Kb max_used=8177Kb free=111886Kb
 bounds [0x0000023f63c00000, 0x0000023f64400000, 0x0000023f6b140000]
CodeHeap 'profiled nmethods': size=120000Kb used=21607Kb max_used=21607Kb free=98393Kb
 bounds [0x0000023f5c6d0000, 0x0000023f5dbf0000, 0x0000023f63c00000]
CodeHeap 'non-nmethods': size=5696Kb used=1320Kb max_used=1378Kb free=4375Kb
 bounds [0x0000023f5c140000, 0x0000023f5c3b0000, 0x0000023f5c6d0000]
 total_blobs=10575 nmethods=9932 adapters=554
 compilation: enabled
              stopped_count=0, restarted_count=0
 full_count=0

Compilation events (20 events):
Event: 1011.435 Thread 0x0000023f6f67abe0 nmethod 11433 0x0000023f643f2c10 code [0x0000023f643f2d80, 0x0000023f643f2e38]
Event: 1013.229 Thread 0x0000023f6f67abe0 11434       4       java.net.Inet6Address::numericToTextFormat (75 bytes)
Event: 1013.288 Thread 0x0000023f6f67abe0 nmethod 11434 0x0000023f643f2f10 code [0x0000023f643f30e0, 0x0000023f643f3f18]
Event: 1013.928 Thread 0x0000023f6f67abe0 11435       4       org.apache.coyote.Request::getContentType (32 bytes)
Event: 1013.939 Thread 0x0000023f6f67abe0 nmethod 11435 0x0000023f643f4a10 code [0x0000023f643f4bc0, 0x0000023f643f4f58]
Event: 1014.424 Thread 0x0000023f6f67abe0 11436       4       java.util.EnumSet::copyOf (84 bytes)
Event: 1014.447 Thread 0x0000023f6f67abe0 nmethod 11436 0x0000023f643f5290 code [0x0000023f643f54c0, 0x0000023f643f5ce8]
Event: 1014.482 Thread 0x0000023f6f680150 11437   !   3       java.util.concurrent.locks.AbstractQueuedSynchronizer::acquire (407 bytes)
Event: 1014.487 Thread 0x0000023f6f680150 nmethod 11437 0x0000023f5dbe5a10 code [0x0000023f5dbe5da0, 0x0000023f5dbe7908]
Event: 1017.502 Thread 0x0000023f6f67abe0 11438       4       java.util.HashSet::toArray (18 bytes)
Event: 1017.519 Thread 0x0000023f6f67abe0 nmethod 11438 0x0000023f643f6510 code [0x0000023f643f66c0, 0x0000023f643f6bb8]
Event: 1018.083 Thread 0x0000023f6f67abe0 11439       4       org.springframework.core.MethodParameter::getNestedParameterType (122 bytes)
Event: 1018.103 Thread 0x0000023f6f67abe0 nmethod 11439 0x0000023f643f6e10 code [0x0000023f643f7040, 0x0000023f643f7890]
Event: 1018.104 Thread 0x0000023f6f680150 11440       3       org.apache.tomcat.util.buf.MessageBytes::<init> (5 bytes)
Event: 1018.105 Thread 0x0000023f6f680150 nmethod 11440 0x0000023f5dbe8210 code [0x0000023f5dbe83c0, 0x0000023f5dbe8508]
Event: 1019.617 Thread 0x0000023f6f67abe0 11441       4       ch.qos.logback.classic.pattern.TargetLengthBasedClassNameAbbreviator::abbreviate (154 bytes)
Event: 1019.714 Thread 0x0000023f6f680150 11442   !   3       org.apache.coyote.AbstractProcessor::parseHost (389 bytes)
Event: 1019.756 Thread 0x0000023f6f67abe0 nmethod 11441 0x0000023f643f7f90 code [0x0000023f643f81e0, 0x0000023f643facb8]
Event: 1019.757 Thread 0x0000023f6f67abe0 11443   !   4       sun.nio.ch.SelectorImpl::lockAndDoSelect (87 bytes)
Event: 1019.786 Thread 0x0000023f6f680150 nmethod 11442 0x0000023f5dbe8590 code [0x0000023f5dbe8a20, 0x0000023f5dbeae58]

GC Heap History (20 events):
Event: 823.051 GC heap before
{Heap before GC invocations=58 (full 2):
 garbage-first heap   total 65536K, used 53840K [0x00000000c2c00000, 0x0000000100000000)
  region size 1024K, 26 young (26624K), 1 survivors (1024K)
 Metaspace       used 77994K, committed 78528K, reserved 1122304K
  class space    used 9448K, committed 9728K, reserved 1048576K
}
Event: 823.055 GC heap after
{Heap after GC invocations=59 (full 2):
 garbage-first heap   total 65536K, used 29249K [0x00000000c2c00000, 0x0000000100000000)
  region size 1024K, 1 young (1024K), 1 survivors (1024K)
 Metaspace       used 77994K, committed 78528K, reserved 1122304K
  class space    used 9448K, committed 9728K, reserved 1048576K
}
Event: 842.090 GC heap before
{Heap before GC invocations=59 (full 2):
 garbage-first heap   total 65536K, used 53825K [0x00000000c2c00000, 0x0000000100000000)
  region size 1024K, 26 young (26624K), 1 survivors (1024K)
 Metaspace       used 77994K, committed 78528K, reserved 1122304K
  class space    used 9448K, committed 9728K, reserved 1048576K
}
Event: 842.164 GC heap after
{Heap after GC invocations=60 (full 2):
 garbage-first heap   total 65536K, used 29360K [0x00000000c2c00000, 0x0000000100000000)
  region size 1024K, 1 young (1024K), 1 survivors (1024K)
 Metaspace       used 77994K, committed 78528K, reserved 1122304K
  class space    used 9448K, committed 9728K, reserved 1048576K
}
Event: 861.248 GC heap before
{Heap before GC invocations=61 (full 2):
 garbage-first heap   total 65536K, used 53936K [0x00000000c2c00000, 0x0000000100000000)
  region size 1024K, 26 young (26624K), 1 survivors (1024K)
 Metaspace       used 77994K, committed 78528K, reserved 1122304K
  class space    used 9448K, committed 9728K, reserved 1048576K
}
Event: 861.254 GC heap after
{Heap after GC invocations=62 (full 2):
 garbage-first heap   total 65536K, used 29322K [0x00000000c2c00000, 0x0000000100000000)
  region size 1024K, 1 young (1024K), 1 survivors (1024K)
 Metaspace       used 77994K, committed 78528K, reserved 1122304K
  class space    used 9448K, committed 9728K, reserved 1048576K
}
Event: 878.537 GC heap before
{Heap before GC invocations=62 (full 2):
 garbage-first heap   total 65536K, used 55946K [0x00000000c2c00000, 0x0000000100000000)
  region size 1024K, 27 young (27648K), 1 survivors (1024K)
 Metaspace       used 77996K, committed 78528K, reserved 1122304K
  class space    used 9448K, committed 9728K, reserved 1048576K
}
Event: 878.544 GC heap after
{Heap after GC invocations=63 (full 2):
 garbage-first heap   total 65536K, used 29418K [0x00000000c2c00000, 0x0000000100000000)
  region size 1024K, 1 young (1024K), 1 survivors (1024K)
 Metaspace       used 77996K, committed 78528K, reserved 1122304K
  class space    used 9448K, committed 9728K, reserved 1048576K
}
Event: 900.926 GC heap before
{Heap before GC invocations=64 (full 2):
 garbage-first heap   total 65536K, used 55018K [0x00000000c2c00000, 0x0000000100000000)
  region size 1024K, 27 young (27648K), 1 survivors (1024K)
 Metaspace       used 77996K, committed 78528K, reserved 1122304K
  class space    used 9448K, committed 9728K, reserved 1048576K
}
Event: 900.932 GC heap after
{Heap after GC invocations=65 (full 2):
 garbage-first heap   total 65536K, used 29347K [0x00000000c2c00000, 0x0000000100000000)
  region size 1024K, 1 young (1024K), 1 survivors (1024K)
 Metaspace       used 77996K, committed 78528K, reserved 1122304K
  class space    used 9448K, committed 9728K, reserved 1048576K
}
Event: 917.438 GC heap before
{Heap before GC invocations=65 (full 2):
 garbage-first heap   total 65536K, used 54947K [0x00000000c2c00000, 0x0000000100000000)
  region size 1024K, 27 young (27648K), 1 survivors (1024K)
 Metaspace       used 77996K, committed 78528K, reserved 1122304K
  class space    used 9448K, committed 9728K, reserved 1048576K
}
Event: 917.457 GC heap after
{Heap after GC invocations=66 (full 2):
 garbage-first heap   total 65536K, used 29325K [0x00000000c2c00000, 0x0000000100000000)
  region size 1024K, 1 young (1024K), 1 survivors (1024K)
 Metaspace       used 77996K, committed 78528K, reserved 1122304K
  class space    used 9448K, committed 9728K, reserved 1048576K
}
Event: 943.304 GC heap before
{Heap before GC invocations=67 (full 2):
 garbage-first heap   total 65536K, used 54925K [0x00000000c2c00000, 0x0000000100000000)
  region size 1024K, 27 young (27648K), 1 survivors (1024K)
 Metaspace       used 77997K, committed 78528K, reserved 1122304K
  class space    used 9448K, committed 9728K, reserved 1048576K
}
Event: 943.337 GC heap after
{Heap after GC invocations=68 (full 2):
 garbage-first heap   total 65536K, used 29358K [0x00000000c2c00000, 0x0000000100000000)
  region size 1024K, 1 young (1024K), 1 survivors (1024K)
 Metaspace       used 77997K, committed 78528K, reserved 1122304K
  class space    used 9448K, committed 9728K, reserved 1048576K
}
Event: 963.204 GC heap before
{Heap before GC invocations=68 (full 2):
 garbage-first heap   total 65536K, used 55982K [0x00000000c2c00000, 0x0000000100000000)
  region size 1024K, 27 young (27648K), 1 survivors (1024K)
 Metaspace       used 77997K, committed 78528K, reserved 1122304K
  class space    used 9448K, committed 9728K, reserved 1048576K
}
Event: 963.221 GC heap after
{Heap after GC invocations=69 (full 2):
 garbage-first heap   total 65536K, used 29349K [0x00000000c2c00000, 0x0000000100000000)
  region size 1024K, 1 young (1024K), 1 survivors (1024K)
 Metaspace       used 77997K, committed 78528K, reserved 1122304K
  class space    used 9448K, committed 9728K, reserved 1048576K
}
Event: 993.476 GC heap before
{Heap before GC invocations=70 (full 2):
 garbage-first heap   total 65536K, used 55973K [0x00000000c2c00000, 0x0000000100000000)
  region size 1024K, 27 young (27648K), 1 survivors (1024K)
 Metaspace       used 77961K, committed 78528K, reserved 1122304K
  class space    used 9440K, committed 9728K, reserved 1048576K
}
Event: 993.500 GC heap after
{Heap after GC invocations=71 (full 2):
 garbage-first heap   total 65536K, used 29360K [0x00000000c2c00000, 0x0000000100000000)
  region size 1024K, 1 young (1024K), 1 survivors (1024K)
 Metaspace       used 77961K, committed 78528K, reserved 1122304K
  class space    used 9440K, committed 9728K, reserved 1048576K
}
Event: 1006.220 GC heap before
{Heap before GC invocations=71 (full 2):
 garbage-first heap   total 65536K, used 55984K [0x00000000c2c00000, 0x0000000100000000)
  region size 1024K, 27 young (27648K), 1 survivors (1024K)
 Metaspace       used 77962K, committed 78528K, reserved 1122304K
  class space    used 9440K, committed 9728K, reserved 1048576K
}
Event: 1006.247 GC heap after
{Heap after GC invocations=72 (full 2):
 garbage-first heap   total 65536K, used 29373K [0x00000000c2c00000, 0x0000000100000000)
  region size 1024K, 1 young (1024K), 1 survivors (1024K)
 Metaspace       used 77962K, committed 78528K, reserved 1122304K
  class space    used 9440K, committed 9728K, reserved 1048576K
}

Deoptimization events (20 events):
Event: 1002.878 Thread 0x0000023f75f0b8e0 Uncommon trap: trap_request=0xffffffbe fr.pc=0x0000023f643e22d4 relative=0x0000000000000514
Event: 1002.912 Thread 0x0000023f75f0b8e0 Uncommon trap: reason=profile_predicate action=maybe_recompile pc=0x0000023f643e22d4 method=ch.qos.logback.classic.pattern.TargetLengthBasedClassNameAbbreviator.abbreviate(Ljava/lang/String;)Ljava/lang/String; @ 86 c2
Event: 1002.912 Thread 0x0000023f75f0b8e0 DEOPT PACKING pc=0x0000023f643e22d4 sp=0x00000099b11fd2d0
Event: 1002.912 Thread 0x0000023f75f0b8e0 DEOPT UNPACKING pc=0x0000023f5c18d728 sp=0x00000099b11fd268 mode 2
Event: 1002.932 Thread 0x0000023f75f0f350 DEOPT PACKING pc=0x0000023f643e22d4 sp=0x00000099b1bfd100
Event: 1002.933 Thread 0x0000023f75f0f350 DEOPT UNPACKING pc=0x0000023f5c18d728 sp=0x00000099b1bfd098 mode 2
Event: 1005.485 Thread 0x0000023f75f0e8b0 DEOPT PACKING pc=0x0000023f5d737413 sp=0x00000099b13fe450
Event: 1005.485 Thread 0x0000023f75f0e8b0 DEOPT UNPACKING pc=0x0000023f5c18deaf sp=0x00000099b13fd888 mode 0
Event: 1010.632 Thread 0x0000023f75f0ae40 Uncommon trap: trap_request=0xffffff45 fr.pc=0x0000023f6428d818 relative=0x0000000000001558
Event: 1010.632 Thread 0x0000023f75f0ae40 Uncommon trap: reason=unstable_if action=reinterpret pc=0x0000023f6428d818 method=java.util.concurrent.locks.ReentrantLock$NonfairSync.tryAcquire(I)Z @ 13 c2
Event: 1010.633 Thread 0x0000023f75f0ae40 DEOPT PACKING pc=0x0000023f6428d818 sp=0x00000099b0bfee30
Event: 1010.633 Thread 0x0000023f75f0ae40 DEOPT UNPACKING pc=0x0000023f5c18d728 sp=0x00000099b0bfed68 mode 2
Event: 1017.265 Thread 0x0000023f75f09900 Uncommon trap: trap_request=0xffffff45 fr.pc=0x0000023f6434d788 relative=0x0000000000000a48
Event: 1017.265 Thread 0x0000023f75f09900 Uncommon trap: reason=unstable_if action=reinterpret pc=0x0000023f6434d788 method=org.apache.coyote.AbstractProcessor.parseHost(Lorg/apache/tomcat/util/buf/MessageBytes;)V @ 73 c2
Event: 1017.265 Thread 0x0000023f75f09900 DEOPT PACKING pc=0x0000023f6434d788 sp=0x00000099b18feba0
Event: 1017.265 Thread 0x0000023f75f09900 DEOPT UNPACKING pc=0x0000023f5c18d728 sp=0x00000099b18feb38 mode 2
Event: 1018.079 Thread 0x0000023f75f09900 Uncommon trap: trap_request=0xfffffff4 fr.pc=0x0000023f643944bc relative=0x000000000000217c
Event: 1018.079 Thread 0x0000023f75f09900 Uncommon trap: reason=null_check action=make_not_entrant pc=0x0000023f643944bc method=org.apache.catalina.core.ApplicationFilterFactory.createFilterChain(Ljavax/servlet/ServletRequest;Lorg/apache/catalina/Wrapper;Ljavax/servlet/Servlet;)Lorg/apache/catali
Event: 1018.079 Thread 0x0000023f75f09900 DEOPT PACKING pc=0x0000023f643944bc sp=0x00000099b18fe1d0
Event: 1018.080 Thread 0x0000023f75f09900 DEOPT UNPACKING pc=0x0000023f5c18d728 sp=0x00000099b18fe198 mode 2

Classes unloaded (20 events):
Event: 1006.697 Thread 0x0000023f6f63e950 Unloading class 0x0000000100828400 'jdk/internal/reflect/GeneratedConstructorAccessor41'
Event: 1006.697 Thread 0x0000023f6f63e950 Unloading class 0x0000000100828000 'jdk/internal/reflect/GeneratedConstructorAccessor40'
Event: 1006.697 Thread 0x0000023f6f63e950 Unloading class 0x0000000100724000 'java/lang/invoke/LambdaForm$DMH+0x0000000100724000'
Event: 1006.697 Thread 0x0000023f6f63e950 Unloading class 0x0000000100601400 'java/lang/invoke/LambdaForm$MH+0x0000000100601400'
Event: 1006.697 Thread 0x0000023f6f63e950 Unloading class 0x0000000100601000 'java/lang/invoke/LambdaForm$MH+0x0000000100601000'
Event: 1006.698 Thread 0x0000023f6f63e950 Unloading class 0x0000000100600c00 'java/lang/invoke/LambdaForm$MH+0x0000000100600c00'
Event: 1006.698 Thread 0x0000023f6f63e950 Unloading class 0x0000000100600800 'java/lang/invoke/LambdaForm$MH+0x0000000100600800'
Event: 1006.698 Thread 0x0000023f6f63e950 Unloading class 0x0000000100600400 'java/lang/invoke/LambdaForm$MH+0x0000000100600400'
Event: 1006.698 Thread 0x0000023f6f63e950 Unloading class 0x0000000100600000 'java/lang/invoke/LambdaForm$MH+0x0000000100600000'
Event: 1006.698 Thread 0x0000023f6f63e950 Unloading class 0x000000010045c800 'java/lang/invoke/LambdaForm$DMH+0x000000010045c800'
Event: 1006.698 Thread 0x0000023f6f63e950 Unloading class 0x000000010045c000 'java/lang/invoke/LambdaForm$DMH+0x000000010045c000'
Event: 1006.698 Thread 0x0000023f6f63e950 Unloading class 0x000000010043a000 'java/lang/invoke/LambdaForm$MH+0x000000010043a000'
Event: 1006.699 Thread 0x0000023f6f63e950 Unloading class 0x00000001002d2000 'java/lang/invoke/LambdaForm$MH+0x00000001002d2000'
Event: 1006.699 Thread 0x0000023f6f63e950 Unloading class 0x00000001002d1c00 'java/lang/invoke/LambdaForm$MH+0x00000001002d1c00'
Event: 1006.699 Thread 0x0000023f6f63e950 Unloading class 0x00000001002d1800 'java/lang/invoke/LambdaForm$MH+0x00000001002d1800'
Event: 1006.699 Thread 0x0000023f6f63e950 Unloading class 0x00000001002d1400 'java/lang/invoke/LambdaForm$MH+0x00000001002d1400'
Event: 1006.699 Thread 0x0000023f6f63e950 Unloading class 0x00000001002d0c00 'java/lang/invoke/LambdaForm$MH+0x00000001002d0c00'
Event: 1006.699 Thread 0x0000023f6f63e950 Unloading class 0x00000001002d0800 'java/lang/invoke/LambdaForm$MH+0x00000001002d0800'
Event: 1006.699 Thread 0x0000023f6f63e950 Unloading class 0x00000001002d0400 'java/lang/invoke/LambdaForm$MH+0x00000001002d0400'
Event: 1006.699 Thread 0x0000023f6f63e950 Unloading class 0x00000001002d0000 'java/lang/invoke/LambdaForm$MH+0x00000001002d0000'

Classes redefined (0 events):
No events

Internal exceptions (20 events):
Event: 601.233 Thread 0x0000023f75f0a3a0 Exception <a 'java/lang/NoClassDefFoundError'{0x00000000c5f300b0}: liquibase/integration/spring/SpringLiquibase> (0x00000000c5f300b0) 
thrown [t:\workspace\open\src\hotspot\share\oops\constantPool.cpp, line 809]
Event: 601.449 Thread 0x0000023f75f0a3a0 Exception <a 'java/lang/NoClassDefFoundError'{0x00000000c5f99aa8}: org/jooq/DSLContext> (0x00000000c5f99aa8) 
thrown [t:\workspace\open\src\hotspot\share\oops\constantPool.cpp, line 809]
Event: 601.449 Thread 0x0000023f75f0a3a0 Exception <a 'java/lang/NoClassDefFoundError'{0x00000000c5fa4300}: org/springframework/batch/core/repository/JobRepository> (0x00000000c5fa4300) 
thrown [t:\workspace\open\src\hotspot\share\oops\constantPool.cpp, line 809]
Event: 601.449 Thread 0x0000023f75f0a3a0 Exception <a 'java/lang/NoClassDefFoundError'{0x00000000c5fa4638}: org/quartz/Scheduler> (0x00000000c5fa4638) 
thrown [t:\workspace\open\src\hotspot\share\oops\constantPool.cpp, line 809]
Event: 601.449 Thread 0x0000023f75f0a3a0 Exception <a 'java/lang/NoClassDefFoundError'{0x00000000c5fa4970}: org/springframework/session/jdbc/JdbcIndexedSessionRepository> (0x00000000c5fa4970) 
thrown [t:\workspace\open\src\hotspot\share\oops\constantPool.cpp, line 809]
Event: 602.424 Thread 0x0000023f75f0a3a0 Exception <a 'sun/nio/fs/WindowsException'{0x00000000c62f23d8}> (0x00000000c62f23d8) 
thrown [t:\workspace\open\src\hotspot\share\prims\jni.cpp, line 579]
Event: 602.425 Thread 0x0000023f75f0a3a0 Exception <a 'sun/nio/fs/WindowsException'{0x00000000c62f2a40}> (0x00000000c62f2a40) 
thrown [t:\workspace\open\src\hotspot\share\prims\jni.cpp, line 579]
Event: 602.427 Thread 0x0000023f75f0a3a0 Exception <a 'sun/nio/fs/WindowsException'{0x00000000c62f3118}> (0x00000000c62f3118) 
thrown [t:\workspace\open\src\hotspot\share\prims\jni.cpp, line 579]
Event: 602.511 Thread 0x0000023f75f0a3a0 Exception <a 'java/io/FileNotFoundException'{0x00000000c6131018}> (0x00000000c6131018) 
thrown [t:\workspace\open\src\hotspot\share\prims\jni.cpp, line 579]
Event: 602.590 Thread 0x0000023f75f0a3a0 Exception <a 'java/io/FileNotFoundException'{0x00000000c5f4db00}> (0x00000000c5f4db00) 
thrown [t:\workspace\open\src\hotspot\share\prims\jni.cpp, line 579]
Event: 604.229 Thread 0x0000023f75f0a3a0 Exception <a 'java/lang/ClassNotFoundException'{0x00000000c53492c0}: java/lang/ObjectCustomizer> (0x00000000c53492c0) 
thrown [t:\workspace\open\src\hotspot\share\classfile\systemDictionary.cpp, line 256]
Event: 604.231 Thread 0x0000023f75f0a3a0 Exception <a 'java/lang/ClassNotFoundException'{0x00000000c5353bc8}: com/desafioAlura/ControleFinanceiro/models/DespesasCustomizer> (0x00000000c5353bc8) 
thrown [t:\workspace\open\src\hotspot\share\classfile\systemDictionary.cpp, line 256]
Event: 604.310 Thread 0x0000023f75f0a3a0 Exception <a 'java/lang/ClassNotFoundException'{0x00000000c68e3730}: com/desafioAlura/ControleFinanceiro/repositories/DespesasRepository$GastoCategoriaCustomizer> (0x00000000c68e3730) 
thrown [t:\workspace\open\src\hotspot\share\classfile\systemDictionary.cpp, line 256]
Event: 604.501 Thread 0x0000023f75f0a3a0 Exception <a 'java/lang/ClassNotFoundException'{0x00000000c660cba8}: java/lang/ObjectCustomizer> (0x00000000c660cba8) 
thrown [t:\workspace\open\src\hotspot\share\classfile\systemDictionary.cpp, line 256]
Event: 604.502 Thread 0x0000023f75f0a3a0 Exception <a 'java/lang/ClassNotFoundException'{0x00000000c6616838}: com/desafioAlura/ControleFinanceiro/models/ReceitasCustomizer> (0x00000000c6616838) 
thrown [t:\workspace\open\src\hotspot\share\classfile\systemDictionary.cpp, line 256]
Event: 1018.079 Thread 0x0000023f75f09900 Implicit null exception at 0x0000023f64392387 to 0x0000023f643944ac
Event: 1019.394 Thread 0x0000023f75f0e8b0 Exception <a 'java/io/IOException'{0x00000000c5f34930}> (0x00000000c5f34930) 
thrown [t:\workspace\open\src\hotspot\share\prims\jni.cpp, line 579]
Event: 1019.403 Thread 0x0000023f75f0b8e0 Exception <a 'java/io/IOException'{0x00000000c6103ea8}> (0x00000000c6103ea8) 
thrown [t:\workspace\open\src\hotspot\share\prims\jni.cpp, line 579]
Event: 1019.403 Thread 0x0000023f75f0d370 Exception <a 'java/io/IOException'{0x00000000c62d0ca8}> (0x00000000c62d0ca8) 
thrown [t:\workspace\open\src\hotspot\share\prims\jni.cpp, line 579]
Event: 1020.003 Thread 0x0000023f75f0f350 Exception <a 'java/net/SocketException'{0x00000000c5d2ebc0}: Connection reset by peer: shutdown> (0x00000000c5d2ebc0) 
thrown [t:\workspace\open\src\hotspot\share\prims\jni.cpp, line 600]

Events (20 events):
Event: 997.562 Executing  VM operation: Cleanup
Event: 997.563 Executing  VM operation: Cleanup done
Event: 998.569 Executing  VM operation: Cleanup
Event: 998.569 Executing  VM operation: Cleanup done
Event: 999.571 Executing  VM operation: Cleanup
Event: 999.571 Executing  VM operation: Cleanup done
Event: 1006.220 Executing  VM operation: G1CollectForAllocation
Event: 1006.248 Executing  VM operation: G1CollectForAllocation done
Event: 1006.681 Executing  VM operation: G1Concurrent
Event: 1007.749 Executing  VM operation: G1Concurrent done
Event: 1008.166 Executing  VM operation: G1Concurrent
Event: 1010.636 Executing  VM operation: G1Concurrent done
Event: 1011.648 Executing  VM operation: Cleanup
Event: 1012.148 Executing  VM operation: Cleanup done
Event: 1013.157 Executing  VM operation: Cleanup
Event: 1013.157 Executing  VM operation: Cleanup done
Event: 1017.198 Executing  VM operation: Cleanup
Event: 1017.258 Executing  VM operation: Cleanup done
Event: 1018.267 Executing  VM operation: Cleanup
Event: 1018.267 Executing  VM operation: Cleanup done


Dynamic libraries:
0x00007ff72b3b0000 - 0x00007ff72b3be000 	C:\Users\rodri\Downloads\sts-4.12.0.RELEASE\plugins\org.eclipse.justj.openjdk.hotspot.jre.full.win32.x86_64_16.0.2.v20210721-1149\jre\bin\javaw.exe
0x00007ffb5f580000 - 0x00007ffb5f789000 	C:\WINDOWS\SYSTEM32\ntdll.dll
0x00007ffb24680000 - 0x00007ffb24696000 	C:\Program Files\Avast Software\Avast\aswhook.dll
0x00007ffb5e960000 - 0x00007ffb5ea1d000 	C:\WINDOWS\System32\KERNEL32.DLL
0x00007ffb5cc10000 - 0x00007ffb5cf84000 	C:\WINDOWS\System32\KERNELBASE.dll
0x00007ffb5ca70000 - 0x00007ffb5cb81000 	C:\WINDOWS\System32\ucrtbase.dll
0x00007ffb1eb10000 - 0x00007ffb1eb28000 	C:\Users\rodri\Downloads\sts-4.12.0.RELEASE\plugins\org.eclipse.justj.openjdk.hotspot.jre.full.win32.x86_64_16.0.2.v20210721-1149\jre\bin\jli.dll
0x00007ffb4c280000 - 0x00007ffb4c299000 	C:\Users\rodri\Downloads\sts-4.12.0.RELEASE\plugins\org.eclipse.justj.openjdk.hotspot.jre.full.win32.x86_64_16.0.2.v20210721-1149\jre\bin\VCRUNTIME140.dll
0x00007ffb5f050000 - 0x00007ffb5f1fc000 	C:\WINDOWS\System32\USER32.dll
0x00007ffb4e3a0000 - 0x00007ffb4e645000 	C:\WINDOWS\WinSxS\amd64_microsoft.windows.common-controls_6595b64144ccf1df_6.0.22000.120_none_9d947278b86cc467\COMCTL32.dll
0x00007ffb5cf90000 - 0x00007ffb5cfb6000 	C:\WINDOWS\System32\win32u.dll
0x00007ffb5d830000 - 0x00007ffb5d8d3000 	C:\WINDOWS\System32\msvcrt.dll
0x00007ffb5ea20000 - 0x00007ffb5ea49000 	C:\WINDOWS\System32\GDI32.dll
0x00007ffb5d1a0000 - 0x00007ffb5d2b2000 	C:\WINDOWS\System32\gdi32full.dll
0x00007ffb5d380000 - 0x00007ffb5d41d000 	C:\WINDOWS\System32\msvcp_win.dll
0x00007ffb5ef00000 - 0x00007ffb5ef31000 	C:\WINDOWS\System32\IMM32.DLL
0x00007ffb4c270000 - 0x00007ffb4c27c000 	C:\Users\rodri\Downloads\sts-4.12.0.RELEASE\plugins\org.eclipse.justj.openjdk.hotspot.jre.full.win32.x86_64_16.0.2.v20210721-1149\jre\bin\vcruntime140_1.dll
0x00007ffb48500000 - 0x00007ffb48591000 	C:\Users\rodri\Downloads\sts-4.12.0.RELEASE\plugins\org.eclipse.justj.openjdk.hotspot.jre.full.win32.x86_64_16.0.2.v20210721-1149\jre\bin\msvcp140.dll
0x00007ffae3730000 - 0x00007ffae42db000 	C:\Users\rodri\Downloads\sts-4.12.0.RELEASE\plugins\org.eclipse.justj.openjdk.hotspot.jre.full.win32.x86_64_16.0.2.v20210721-1149\jre\bin\server\jvm.dll
0x00007ffb5e1e0000 - 0x00007ffb5e28e000 	C:\WINDOWS\System32\ADVAPI32.dll
0x00007ffb5ebe0000 - 0x00007ffb5ec7e000 	C:\WINDOWS\System32\sechost.dll
0x00007ffb5eac0000 - 0x00007ffb5ebe0000 	C:\WINDOWS\System32\RPCRT4.dll
0x00007ffb5d7c0000 - 0x00007ffb5d7c8000 	C:\WINDOWS\System32\PSAPI.DLL
0x00007ffb52fc0000 - 0x00007ffb52fc9000 	C:\WINDOWS\SYSTEM32\WSOCK32.dll
0x00007ffb5e290000 - 0x00007ffb5e2ff000 	C:\WINDOWS\System32\WS2_32.dll
0x00007ffb57a20000 - 0x00007ffb57a53000 	C:\WINDOWS\SYSTEM32\WINMM.dll
0x00007ffb56190000 - 0x00007ffb5619a000 	C:\WINDOWS\SYSTEM32\VERSION.dll
0x00007ffb5bb70000 - 0x00007ffb5bb88000 	C:\WINDOWS\SYSTEM32\kernel.appcore.dll
0x00007ffb2c160000 - 0x00007ffb2c16a000 	C:\Users\rodri\Downloads\sts-4.12.0.RELEASE\plugins\org.eclipse.justj.openjdk.hotspot.jre.full.win32.x86_64_16.0.2.v20210721-1149\jre\bin\jimage.dll
0x00007ffb5a990000 - 0x00007ffb5abb1000 	C:\WINDOWS\SYSTEM32\DBGHELP.DLL
0x00007ffb56150000 - 0x00007ffb56181000 	C:\WINDOWS\SYSTEM32\dbgcore.DLL
0x00007ffb5cb90000 - 0x00007ffb5cc0f000 	C:\WINDOWS\System32\bcryptPrimitives.dll
0x00007ffb109a0000 - 0x00007ffb109c5000 	C:\Users\rodri\Downloads\sts-4.12.0.RELEASE\plugins\org.eclipse.justj.openjdk.hotspot.jre.full.win32.x86_64_16.0.2.v20210721-1149\jre\bin\java.dll
0x00007ffb1d8f0000 - 0x00007ffb1d908000 	C:\Users\rodri\Downloads\sts-4.12.0.RELEASE\plugins\org.eclipse.justj.openjdk.hotspot.jre.full.win32.x86_64_16.0.2.v20210721-1149\jre\bin\zip.dll
0x00007ffb5da30000 - 0x00007ffb5e1df000 	C:\WINDOWS\System32\SHELL32.dll
0x00007ffb5abe0000 - 0x00007ffb5b448000 	C:\WINDOWS\SYSTEM32\windows.storage.dll
0x00007ffb5d420000 - 0x00007ffb5d798000 	C:\WINDOWS\System32\combase.dll
0x00007ffb5a820000 - 0x00007ffb5a986000 	C:\WINDOWS\SYSTEM32\wintypes.dll
0x00007ffb5d8e0000 - 0x00007ffb5d9ca000 	C:\WINDOWS\System32\SHCORE.dll
0x00007ffb5d9d0000 - 0x00007ffb5da2d000 	C:\WINDOWS\System32\shlwapi.dll
0x00007ffb5c9a0000 - 0x00007ffb5c9c1000 	C:\WINDOWS\SYSTEM32\profapi.dll
0x00007ffb1d630000 - 0x00007ffb1d649000 	C:\Users\rodri\Downloads\sts-4.12.0.RELEASE\plugins\org.eclipse.justj.openjdk.hotspot.jre.full.win32.x86_64_16.0.2.v20210721-1149\jre\bin\net.dll
0x00007ffb570a0000 - 0x00007ffb571ac000 	C:\WINDOWS\SYSTEM32\WINHTTP.dll
0x00007ffb5bfa0000 - 0x00007ffb5c007000 	C:\WINDOWS\system32\mswsock.dll
0x00007ffb18c50000 - 0x00007ffb18c63000 	C:\Users\rodri\Downloads\sts-4.12.0.RELEASE\plugins\org.eclipse.justj.openjdk.hotspot.jre.full.win32.x86_64_16.0.2.v20210721-1149\jre\bin\nio.dll
0x00007ffb1e580000 - 0x00007ffb1e590000 	C:\Users\rodri\Downloads\sts-4.12.0.RELEASE\plugins\org.eclipse.justj.openjdk.hotspot.jre.full.win32.x86_64_16.0.2.v20210721-1149\jre\bin\verify.dll
0x00007ffb57da0000 - 0x00007ffb57da9000 	C:\Users\rodri\Downloads\sts-4.12.0.RELEASE\plugins\org.eclipse.justj.openjdk.hotspot.jre.full.win32.x86_64_16.0.2.v20210721-1149\jre\bin\management.dll
0x00007ffb4c260000 - 0x00007ffb4c26b000 	C:\Users\rodri\Downloads\sts-4.12.0.RELEASE\plugins\org.eclipse.justj.openjdk.hotspot.jre.full.win32.x86_64_16.0.2.v20210721-1149\jre\bin\management_ext.dll
0x00007ffb2b230000 - 0x00007ffb2b247000 	C:\WINDOWS\system32\napinsp.dll
0x00007ffb2b210000 - 0x00007ffb2b22b000 	C:\WINDOWS\system32\pnrpnsp.dll
0x00007ffb5b6d0000 - 0x00007ffb5b7b8000 	C:\WINDOWS\SYSTEM32\DNSAPI.dll
0x00007ffb5b6a0000 - 0x00007ffb5b6cd000 	C:\WINDOWS\SYSTEM32\IPHLPAPI.DLL
0x00007ffb5ec80000 - 0x00007ffb5ec89000 	C:\WINDOWS\System32\NSI.dll
0x00007ffb2b1f0000 - 0x00007ffb2b202000 	C:\WINDOWS\System32\winrnr.dll
0x00007ffb567c0000 - 0x00007ffb567d5000 	C:\WINDOWS\system32\wshbth.dll
0x00007ffb2b1d0000 - 0x00007ffb2b1ef000 	C:\WINDOWS\system32\nlansp_c.dll
0x00007ffb533f0000 - 0x00007ffb533fa000 	C:\Windows\System32\rasadhlp.dll
0x00007ffb55c50000 - 0x00007ffb55cd1000 	C:\WINDOWS\System32\fwpuclnt.dll
0x00007ffb5c1e0000 - 0x00007ffb5c1f8000 	C:\WINDOWS\SYSTEM32\CRYPTSP.dll
0x00007ffb5bad0000 - 0x00007ffb5bb05000 	C:\WINDOWS\system32\rsaenh.dll
0x00007ffb5c090000 - 0x00007ffb5c0b9000 	C:\WINDOWS\SYSTEM32\USERENV.dll
0x00007ffb5c360000 - 0x00007ffb5c387000 	C:\WINDOWS\SYSTEM32\bcrypt.dll
0x00007ffb5c200000 - 0x00007ffb5c20c000 	C:\WINDOWS\SYSTEM32\CRYPTBASE.dll
0x00007ffb57250000 - 0x00007ffb57269000 	C:\WINDOWS\SYSTEM32\dhcpcsvc6.DLL
0x00007ffb57380000 - 0x00007ffb5739e000 	C:\WINDOWS\SYSTEM32\dhcpcsvc.DLL
0x00007ffb55c00000 - 0x00007ffb55c0e000 	C:\Users\rodri\Downloads\sts-4.12.0.RELEASE\plugins\org.eclipse.justj.openjdk.hotspot.jre.full.win32.x86_64_16.0.2.v20210721-1149\jre\bin\sunmscapi.dll
0x00007ffb5d030000 - 0x00007ffb5d192000 	C:\WINDOWS\System32\CRYPT32.dll
0x00007ffb5c330000 - 0x00007ffb5c358000 	C:\WINDOWS\SYSTEM32\ncrypt.dll
0x00007ffb5c2f0000 - 0x00007ffb5c327000 	C:\WINDOWS\SYSTEM32\NTASN1.dll
0x00007ffb4ba60000 - 0x00007ffb4ba68000 	C:\WINDOWS\system32\wshunix.dll

dbghelp: loaded successfully - version: 4.0.5 - missing functions: none
symbol engine: initialized successfully - sym options: 0x614 - pdb path: .;C:\Users\rodri\Downloads\sts-4.12.0.RELEASE\plugins\org.eclipse.justj.openjdk.hotspot.jre.full.win32.x86_64_16.0.2.v20210721-1149\jre\bin;C:\WINDOWS\SYSTEM32;C:\Program Files\Avast Software\Avast;C:\WINDOWS\WinSxS\amd64_microsoft.windows.common-controls_6595b64144ccf1df_6.0.22000.120_none_9d947278b86cc467;C:\Users\rodri\Downloads\sts-4.12.0.RELEASE\plugins\org.eclipse.justj.openjdk.hotspot.jre.full.win32.x86_64_16.0.2.v20210721-1149\jre\bin\server

VM Arguments:
jvm_args: -Dfile.encoding=UTF-8 -XX:+ShowCodeDetailsInExceptionMessages 
java_command: com.desafioAlura.ControleFinanceiro.DemoApplication
java_class_path (initial): C:\Users\rodri\OneDrive\Área de Trabalho\Desafios\Desafio Backend-Alura\demo\target\classes;C:\Users\rodri\.m2\repository\org\springframework\boot\spring-boot-starter-data-jpa\2.6.4\spring-boot-starter-data-jpa-2.6.4.jar;C:\Users\rodri\.m2\repository\org\springframework\boot\spring-boot-starter-aop\2.6.4\spring-boot-starter-aop-2.6.4.jar;C:\Users\rodri\.m2\repository\org\springframework\spring-aop\5.3.16\spring-aop-5.3.16.jar;C:\Users\rodri\.m2\repository\org\aspectj\aspectjweaver\1.9.7\aspectjweaver-1.9.7.jar;C:\Users\rodri\.m2\repository\org\springframework\boot\spring-boot-starter-jdbc\2.6.4\spring-boot-starter-jdbc-2.6.4.jar;C:\Users\rodri\.m2\repository\com\zaxxer\HikariCP\4.0.3\HikariCP-4.0.3.jar;C:\Users\rodri\.m2\repository\org\springframework\spring-jdbc\5.3.16\spring-jdbc-5.3.16.jar;C:\Users\rodri\.m2\repository\jakarta\transaction\jakarta.transaction-api\1.3.3\jakarta.transaction-api-1.3.3.jar;C:\Users\rodri\.m2\repository\jakarta\persistence\jakarta.persistence-api\2.2.3\jakarta.persistence-api-2.2.3.jar;C:\Users\rodri\.m2\repository\org\hibernate\hibernate-core\5.6.5.Final\hibernate-core-5.6.5.Final.jar;C:\Users\rodri\.m2\repository\org\jboss\logging\jboss-logging\3.4.3.Final\jboss-logging-3.4.3.Final.jar;C:\Users\rodri\.m2\repository\net\bytebuddy\byte-buddy\1.11.22\byte-buddy-1.11.22.jar;C:\Users\rodri\.m2\repository\antlr\antlr\2.7.7\antlr-2.7.7.jar;C:\Users\rodri\.m2\repository\org\jboss\jandex\2.4.2.Final\jandex-2.4.2.Final.jar;C:\Users\rodri\.m2\repository\org\hibernate\common\hibernate-commons-annotations\5.1.2.Final\hibernate-commons-annotations-5.1.2.Final.jar;C:\Users\rodri\.m2\repository\org\glassfish\jaxb\jaxb-runtime\2.3.6\jaxb-runtime-2.3.6.jar;C:\Users\rodri\.m2\repository\org\glassfish\jaxb\txw2\2.3.6\txw2-2.3.6.jar;C:\Users\rodri\.m2\repository\com\sun\istack\istack-commons-runtime\3.0.12\istack-commons-runtime-3.0.12.jar;C:\Users\rodri\.m2\repository\com\sun\activation\jakarta.activation\1.2.2\jakarta.activ
Launcher Type: SUN_STANDARD

[Global flags]
     intx CICompilerCount                          = 2                                         {product} {ergonomic}
     uint ConcGCThreads                            = 1                                         {product} {ergonomic}
     uint G1ConcRefinementThreads                  = 2                                         {product} {ergonomic}
   size_t G1HeapRegionSize                         = 1048576                                   {product} {ergonomic}
    uintx GCDrainStackTargetSize                   = 64                                        {product} {ergonomic}
   size_t InitialHeapSize                          = 65011712                                  {product} {ergonomic}
   size_t MarkStackSize                            = 4194304                                   {product} {ergonomic}
   size_t MaxHeapSize                              = 1027604480                                {product} {ergonomic}
   size_t MaxNewSize                               = 616562688                                 {product} {ergonomic}
   size_t MinHeapDeltaBytes                        = 1048576                                   {product} {ergonomic}
   size_t MinHeapSize                              = 8388608                                   {product} {ergonomic}
    uintx NonNMethodCodeHeapSize                   = 5826188                                {pd product} {ergonomic}
    uintx NonProfiledCodeHeapSize                  = 122916026                              {pd product} {ergonomic}
    uintx ProfiledCodeHeapSize                     = 122916026                              {pd product} {ergonomic}
    uintx ReservedCodeCacheSize                    = 251658240                              {pd product} {ergonomic}
     bool SegmentedCodeCache                       = true                                      {product} {ergonomic}
     bool ShowCodeDetailsInExceptionMessages       = true                                   {manageable} {command line}
   size_t SoftMaxHeapSize                          = 1027604480                             {manageable} {ergonomic}
     bool UseCompressedClassPointers               = true                           {product lp64_product} {ergonomic}
     bool UseCompressedOops                        = true                           {product lp64_product} {ergonomic}
     bool UseG1GC                                  = true                                      {product} {ergonomic}
     bool UseLargePagesIndividualAllocation        = false                                  {pd product} {ergonomic}

Logging:
Log output configuration:
 #0: stdout all=warning uptime,level,tags
 #1: stderr all=off uptime,level,tags

Environment Variables:
JAVA_HOME=C:\Program Files\Java\jdk1.8.0_291
PATH=C:/Users/rodri/Downloads/sts-4.12.0.RELEASE//plugins/org.eclipse.justj.openjdk.hotspot.jre.full.win32.x86_64_16.0.2.v20210721-1149/jre/bin/server;C:/Users/rodri/Downloads/sts-4.12.0.RELEASE//plugins/org.eclipse.justj.openjdk.hotspot.jre.full.win32.x86_64_16.0.2.v20210721-1149/jre/bin;C:\Python310\Scripts\;C:\Python310\;C:\Program Files (x86)\Common Files\Oracle\Java\javapath;C:\ProgramData\Oracle\Java\javapath;C:\WINDOWS\system32;C:\WINDOWS;C:\WINDOWS\System32\Wbem;C:\WINDOWS\System32\WindowsPowerShell\v1.0\;C:\WINDOWS\System32\OpenSSH\;C:\Users\rodri\AppData\Roaming\nvm;C:\Program Files\nodejs;C:\ProgramData\UNIVALI\Portugol Studio;C:\Users\rodri\apache-maven-3.8.2\bin;C:\Program Files\Microsoft SQL Server\Client SDK\ODBC\170\Tools\Binn\;C:\Program Files (x86)\Microsoft SQL Server\150\Tools\Binn\;C:\Program Files\Microsoft SQL Server\150\Tools\Binn\;C:\Program Files\Microsoft SQL Server\150\DTS\Binn\;C:\Program Files (x86)\Microsoft SQL Server\150\DTS\Binn\;C:\Program Files\Azure Data Studio\bin;C:\Program Files\nodejs\;C:\ProgramData\chocolatey\bin;C:\Program Files\Git\cmd;C:\Program Files\Java\jdk-11.0.11\bin;C:\Program Files\MySQL\MySQL Shell 8.0\bin\;C:\Users\rodri\AppData\Local\Microsoft\WindowsApps;C:\Users\rodri\AppData\Local\Programs\Microsoft VS Code\bin;C:\Users\rodri\AppData\Roaming\nvm;C:\Program Files\nodejs;C:\Program Files\heroku\bin;C:\Users\rodri\apache-maven-3.8.2\bin;;C:\Program Files\Azure Data Studio\bin;C:\Users\rodri\AppData\Roaming\npm;C:\Users\rodri\Downloads\sts-4.12.0.RELEASE;
USERNAME=rodri
OS=Windows_NT
PROCESSOR_IDENTIFIER=Intel64 Family 6 Model 122 Stepping 1, GenuineIntel



---------------  S Y S T E M  ---------------

OS:
 Windows 10 , 64 bit Build 22000 (10.0.22000.613)
OS uptime: 2 days 4:06 hours

CPU: total 2 (initial active 2) (2 cores per cpu, 1 threads per core) family 6 model 122 stepping 1 microcode 0x36, cx8, cmov, fxsr, mmx, 3dnowpref, sse, sse2, sse3, ssse3, sse4.1, sse4.2, popcnt, tsc, tscinvbit, aes, erms, clmul, sha, clflush, clflushopt

Memory: 4k page, system-wide physical 3918M (300M free)
TotalPageFile size 15694M (AvailPageFile size 27M)
current process WorkingSet (physical memory assigned to process): 215M, peak: 232M
current process commit charge ("private bytes"): 285M, peak: 291M

vm_info: OpenJDK 64-Bit Server VM (16.0.2+7-67) for windows-amd64 JRE (16.0.2+7-67), built on Jun  8 2021 23:21:43 by "mach5one" with MS VC++ 16.7 (VS2019)

END.
